2023-09-16 20:04:57 Loading main app package /usr/lib/obsidian/obsidian.asar
2023-09-16 20:04:57 Checking for update using Github
2023-09-16 20:04:57 Success.
2023-09-16 20:04:57 Latest version is 1.4.13
2023-09-16 20:04:57 App is up to date.
2023-09-16 21:04:57 Checking for update using Github
2023-09-16 21:04:57 Success.
2023-09-16 21:04:57 Latest version is 1.4.13
2023-09-16 21:04:57 App is up to date.
2023-09-17 06:33:58 Loading main app package /usr/lib/obsidian/obsidian.asar
2023-09-17 06:33:58 Checking for update using Github
2023-09-17 06:33:58 Success.
2023-09-17 06:33:58 Latest version is 1.4.13
2023-09-17 06:33:58 App is up to date.
2023-09-17 07:33:58 Checking for update using Github
2023-09-17 07:33:58 Success.
2023-09-17 07:33:58 Latest version is 1.4.13
2023-09-17 07:33:58 App is up to date.
2023-09-17 08:33:58 Checking for update using Github
2023-09-17 08:33:58 Success.
2023-09-17 08:33:58 Latest version is 1.4.13
2023-09-17 08:33:58 App is up to date.
2023-09-17 09:33:58 Checking for update using Github
2023-09-17 09:33:58 Success.
2023-09-17 09:33:58 Latest version is 1.4.13
2023-09-17 09:33:58 App is up to date.
2023-09-17 10:33:58 Checking for update using Github
2023-09-17 10:33:58 Success.
2023-09-17 10:33:58 Latest version is 1.4.13
2023-09-17 10:33:58 App is up to date.
2023-09-17 16:47:05 Loading main app package /usr/lib/obsidian/obsidian.asar
2023-09-17 16:47:06 Checking for update using Github
2023-09-17 16:47:06 Success.
2023-09-17 16:47:06 Latest version is 1.4.13
2023-09-17 16:47:06 App is up to date.
2023-09-18 04:31:37 Loading main app package /usr/lib/obsidian/obsidian.asar
2023-09-18 04:31:37 Checking for update using Github
2023-09-18 04:31:37 Success.
2023-09-18 04:31:37 Latest version is 1.4.13
2023-09-18 04:31:37 App is up to date.
2023-09-18 04:38:40 Loading main app package /usr/lib/obsidian/obsidian.asar
2023-09-18 04:38:40 Checking for update using Github
2023-09-18 04:52:38 Loading main app package /usr/lib/obsidian/obsidian.asar
2023-09-18 04:52:38 Checking for update using Github
2023-09-18 04:53:35 Loading main app package /usr/lib/obsidian/obsidian.asar
2023-09-18 04:53:35 Checking for update using Github
2023-09-18 04:53:35 Success.
2023-09-18 04:53:35 Latest version is 1.4.13
2023-09-18 04:53:35 App is up to date.
2023-09-18 04:57:37 Loading main app package /usr/lib/obsidian/obsidian.asar
2023-09-18 04:57:38 Checking for update using Github
2023-09-18 04:57:38 Success.
2023-09-18 04:57:38 Latest version is 1.4.13
2023-09-18 04:57:38 App is up to date.
2023-09-18 05:57:38 Checking for update using Github
2023-09-18 05:57:38 Success.
2023-09-18 05:57:38 Latest version is 1.4.13
2023-09-18 05:57:38 App is up to date.
2023-09-18 06:57:38 Checking for update using Github
2023-09-18 06:57:38 Success.
2023-09-18 06:57:38 Latest version is 1.4.13
2023-09-18 06:57:38 App is up to date.
2023-09-18 07:57:38 Checking for update using Github
2023-09-18 07:57:38 Success.
2023-09-18 07:57:38 Latest version is 1.4.13
2023-09-18 07:57:38 App is up to date.
2023-09-18 08:57:38 Checking for update using Github
2023-09-18 08:57:38 Success.
2023-09-18 08:57:38 Latest version is 1.4.13
2023-09-18 08:57:38 App is up to date.
2023-09-18 09:57:38 Checking for update using Github
2023-09-18 09:57:38 Success.
2023-09-18 09:57:38 Latest version is 1.4.13
2023-09-18 09:57:38 App is up to date.
2023-09-18 10:57:38 Checking for update using Github
2023-09-18 10:57:38 Success.
2023-09-18 10:57:38 Latest version is 1.4.13
2023-09-18 10:57:38 App is up to date.
2023-09-18 11:57:38 Checking for update using Github
2023-09-18 11:57:38 Success.
2023-09-18 11:57:38 Latest version is 1.4.13
2023-09-18 11:57:38 App is up to date.
2023-09-18 12:57:38 Checking for update using Github
2023-09-18 12:57:38 Success.
2023-09-18 12:57:38 Latest version is 1.4.13
2023-09-18 12:57:38 App is up to date.
2023-09-18 13:57:38 Checking for update using Github
2023-09-18 13:57:38 Success.
2023-09-18 13:57:38 Latest version is 1.4.13
2023-09-18 13:57:38 App is up to date.
2023-09-18 14:57:38 Checking for update using Github
2023-09-18 14:57:38 Success.
2023-09-18 14:57:38 Latest version is 1.4.13
2023-09-18 14:57:38 App is up to date.
2023-09-19 04:37:48 Loading main app package /usr/lib/obsidian/obsidian.asar
2023-09-19 04:37:49 Checking for update using Github
2023-09-19 04:37:49 Success.
2023-09-19 04:37:49 Latest version is 1.4.13
2023-09-19 04:37:49 App is up to date.
2023-09-19 05:37:48 Checking for update using Github
2023-09-19 05:37:49 Success.
2023-09-19 05:37:49 Latest version is 1.4.13
2023-09-19 05:37:49 App is up to date.
2023-09-19 06:37:49 Checking for update using Github
2023-09-19 06:37:49 Success.
2023-09-19 06:37:49 Latest version is 1.4.13
2023-09-19 06:37:49 App is up to date.
2023-09-19 07:37:49 Checking for update using Github
2023-09-19 07:37:49 Success.
2023-09-19 07:37:49 Latest version is 1.4.13
2023-09-19 07:37:49 App is up to date.
2023-09-20 04:35:13 Loading main app package /usr/lib/obsidian/obsidian.asar
2023-09-20 04:35:13 Checking for update using Github
2023-09-20 04:35:13 Success.
2023-09-20 04:35:13 Latest version is 1.4.13
2023-09-20 04:35:13 App is up to date.
2023-09-20 05:35:13 Checking for update using Github
2023-09-20 05:35:13 Success.
2023-09-20 05:35:13 Latest version is 1.4.13
2023-09-20 05:35:13 App is up to date.
2023-09-20 06:35:13 Checking for update using Github
2023-09-20 06:35:13 Success.
2023-09-20 06:35:13 Latest version is 1.4.13
2023-09-20 06:35:13 App is up to date.
2023-09-20 07:35:13 Checking for update using Github
2023-09-20 07:35:13 Success.
2023-09-20 07:35:13 Latest version is 1.4.13
2023-09-20 07:35:13 App is up to date.
2023-09-20 08:35:13 Checking for update using Github
2023-09-20 08:35:13 Success.
2023-09-20 08:35:13 Latest version is 1.4.13
2023-09-20 08:35:13 App is up to date.
2023-09-20 09:35:13 Checking for update using Github
2023-09-20 09:35:13 Success.
2023-09-20 09:35:13 Latest version is 1.4.13
2023-09-20 09:35:13 App is up to date.
2023-09-20 10:35:13 Checking for update using Github
2023-09-20 10:35:13 Success.
2023-09-20 10:35:13 Latest version is 1.4.13
2023-09-20 10:35:13 App is up to date.
2023-09-20 11:35:13 Checking for update using Github
2023-09-20 11:35:13 Success.
2023-09-20 11:35:13 Latest version is 1.4.13
2023-09-20 11:35:13 App is up to date.
2023-09-20 12:35:13 Checking for update using Github
2023-09-20 12:35:13 Success.
2023-09-20 12:35:13 Latest version is 1.4.13
2023-09-20 12:35:13 App is up to date.
2023-09-20 13:35:13 Checking for update using Github
2023-09-20 13:35:13 Success.
2023-09-20 13:35:13 Latest version is 1.4.13
2023-09-20 13:35:13 App is up to date.
2023-09-20 14:35:13 Checking for update using Github
2023-09-20 14:35:13 Success.
2023-09-20 14:35:13 Latest version is 1.4.13
2023-09-20 14:35:13 App is up to date.
2023-09-20 15:35:13 Checking for update using Github
2023-09-20 15:35:14 Success.
2023-09-20 15:35:14 Latest version is 1.4.13
2023-09-20 15:35:14 App is up to date.
2023-09-20 16:35:13 Checking for update using Github
2023-09-20 16:35:14 Success.
2023-09-20 16:35:14 Latest version is 1.4.13
2023-09-20 16:35:14 App is up to date.
2023-09-20 17:35:14 Checking for update using Github
2023-09-20 17:35:14 Success.
2023-09-20 17:35:14 Latest version is 1.4.13
2023-09-20 17:35:14 App is up to date.
2023-09-20 18:35:14 Checking for update using Github
2023-09-20 18:35:14 Success.
2023-09-20 18:35:14 Latest version is 1.4.13
2023-09-20 18:35:14 App is up to date.
2023-09-20 19:35:14 Checking for update using Github
2023-09-20 19:35:14 Success.
2023-09-20 19:35:14 Latest version is 1.4.13
2023-09-20 19:35:14 App is up to date.
2023-09-20 20:35:14 Checking for update using Github
2023-09-20 20:35:14 Success.
2023-09-20 20:35:14 Latest version is 1.4.13
2023-09-20 20:35:14 App is up to date.
2023-09-21 10:22:34 Loading main app package /usr/lib/obsidian/obsidian.asar
2023-09-21 10:22:34 Checking for update using Github
2023-09-21 10:22:34 Success.
2023-09-21 10:22:34 Latest version is 1.4.13
2023-09-21 10:22:34 App is up to date.
2023-09-21 11:22:34 Checking for update using Github
2023-09-21 11:22:34 Success.
2023-09-21 11:22:34 Latest version is 1.4.13
2023-09-21 11:22:34 App is up to date.
2023-09-21 12:22:34 Checking for update using Github
2023-09-21 12:22:34 Success.
2023-09-21 12:22:34 Latest version is 1.4.13
2023-09-21 12:22:34 App is up to date.
2023-09-21 13:22:34 Checking for update using Github
2023-09-21 13:22:34 Success.
2023-09-21 13:22:34 Latest version is 1.4.13
2023-09-21 13:22:34 App is up to date.
2023-09-21 14:22:34 Checking for update using Github
2023-09-21 14:22:34 Success.
2023-09-21 14:22:34 Latest version is 1.4.13
2023-09-21 14:22:34 App is up to date.
2023-09-21 15:22:34 Checking for update using Github
2023-09-21 15:22:34 Success.
2023-09-21 15:22:34 Latest version is 1.4.13
2023-09-21 15:22:34 App is up to date.
2023-09-21 16:22:34 Checking for update using Github
2023-09-21 16:22:34 Success.
2023-09-21 16:22:34 Latest version is 1.4.13
2023-09-21 16:22:34 App is up to date.
2023-09-21 17:22:34 Checking for update using Github
2023-09-21 17:22:34 Success.
2023-09-21 17:22:34 Latest version is 1.4.13
2023-09-21 17:22:34 App is up to date.
2023-09-26 08:58:01 Loading main app package /usr/lib/obsidian/obsidian.asar
2023-09-26 08:58:01 Checking for update using Github
2023-09-26 08:58:01 Success.
2023-09-26 08:58:01 Latest version is 1.4.13
2023-09-26 08:58:01 App is up to date.
2023-09-26 09:09:41 Loading main app package /usr/lib/obsidian/obsidian.asar
2023-09-26 09:09:41 Checking for update using Github
2023-09-26 09:09:55 Loading main app package /usr/lib/obsidian/obsidian.asar
2023-09-26 09:09:55 Checking for update using Github
2023-09-26 09:10:54 Loading main app package /usr/lib/obsidian/obsidian.asar
2023-09-26 09:10:54 Checking for update using Github
2023-09-26 09:11:09 Loading main app package /usr/lib/obsidian/obsidian.asar
2023-09-26 09:11:10 Checking for update using Github
2023-09-26 09:11:15 Loading main app package /usr/lib/obsidian/obsidian.asar
2023-09-26 09:11:15 Checking for update using Github
2023-09-26 09:11:25 Loading main app package /usr/lib/obsidian/obsidian.asar
2023-09-26 09:11:25 Checking for update using Github
2023-09-26 09:24:04 Loading main app package /usr/lib/obsidian/obsidian.asar
2023-09-26 09:24:04 Checking for update using Github
2023-09-26 09:24:04 Success.
2023-09-26 09:24:04 Latest version is 1.4.13
2023-09-26 09:24:04 App is up to date.
2023-09-26 09:24:18 Loading main app package /usr/lib/obsidian/obsidian.asar
2023-09-26 09:24:18 Checking for update using Github
2023-09-26 09:24:39 Loading main app package /usr/lib/obsidian/obsidian.asar
2023-09-26 09:24:39 Checking for update using Github
2023-09-26 09:26:17 Loading main app package /usr/lib/obsidian/obsidian.asar
2023-09-26 09:26:17 Checking for update using Github
2023-09-26 09:26:30 Loading main app package /usr/lib/obsidian/obsidian.asar
2023-09-26 09:26:30 Checking for update using Github
2023-09-26 09:27:09 Loading main app package /usr/lib/obsidian/obsidian.asar
2023-09-26 09:27:09 Checking for update using Github
2023-09-26 09:27:09 Success.
2023-09-26 09:27:09 Latest version is 1.4.13
2023-09-26 09:27:09 App is up to date.
2023-09-26 09:33:52 Loading main app package /usr/lib/obsidian/obsidian.asar
2023-09-26 09:33:52 Checking for update using Github
2023-09-26 10:59:52 Loading main app package /usr/lib/obsidian/obsidian.asar
2023-09-26 10:59:52 Checking for update using Github
2023-09-26 10:59:52 Success.
2023-09-26 10:59:52 Latest version is 1.4.13
2023-09-26 10:59:52 App is up to date.
2023-09-26 11:04:11 Loading main app package /usr/lib/obsidian/obsidian.asar
2023-09-26 11:04:11 Checking for update using Github
2023-09-26 11:59:52 Checking for update using Github
2023-09-26 11:59:52 Success.
2023-09-26 11:59:52 Latest version is 1.4.13
2023-09-26 11:59:52 App is up to date.
2023-09-26 12:59:52 Checking for update using Github
2023-09-26 12:59:52 Success.
2023-09-26 12:59:52 Latest version is 1.4.13
2023-09-26 12:59:52 App is up to date.
2023-09-26 13:59:52 Checking for update using Github
2023-09-26 13:59:52 Success.
2023-09-26 13:59:52 Latest version is 1.4.13
2023-09-26 13:59:52 App is up to date.
2023-09-26 14:59:52 Checking for update using Github
2023-09-26 14:59:52 Success.
2023-09-26 14:59:52 Latest version is 1.4.13
2023-09-26 14:59:52 App is up to date.
2023-09-26 15:59:52 Checking for update using Github
2023-09-26 15:59:52 Success.
2023-09-26 15:59:52 Latest version is 1.4.13
2023-09-26 15:59:52 App is up to date.
2023-09-26 16:59:53 Checking for update using Github
2023-09-26 16:59:53 Success.
2023-09-26 16:59:53 Latest version is 1.4.13
2023-09-26 16:59:53 App is up to date.
2023-09-26 17:59:53 Checking for update using Github
2023-09-26 17:59:53 Success.
2023-09-26 17:59:53 Latest version is 1.4.13
2023-09-26 17:59:53 App is up to date.
2023-09-26 18:59:53 Checking for update using Github
2023-09-26 18:59:53 Success.
2023-09-26 18:59:53 Latest version is 1.4.14
2023-09-26 18:59:53 Downloading update from https://github.com/obsidianmd/obsidian-releases/releases/download/v1.4.14/obsidian-1.4.14.asar.gz
2023-09-26 18:59:53 Verifying hash & signature. Size= 8393737
2023-09-26 18:59:53 Saving file
2023-09-26 18:59:53 Update complete.
2023-09-27 06:20:47 Loading updated app package /home/topi/.config/obsidian/obsidian-1.4.14.asar
2023-09-27 06:20:48 Checking for update using Github
2023-09-27 06:20:48 Success.
2023-09-27 06:20:48 Latest version is 1.4.14
2023-09-27 06:20:48 App is up to date.
2023-09-27 07:20:47 Checking for update using Github
2023-09-27 07:20:47 Success.
2023-09-27 07:20:47 Latest version is 1.4.14
2023-09-27 07:20:47 App is up to date.
2023-09-27 08:20:48 Checking for update using Github
2023-09-27 08:20:48 Success.
2023-09-27 08:20:48 Latest version is 1.4.14
2023-09-27 08:20:48 App is up to date.
2023-09-27 09:20:48 Checking for update using Github
2023-09-27 09:20:48 Success.
2023-09-27 09:20:48 Latest version is 1.4.14
2023-09-27 09:20:48 App is up to date.
2023-09-27 10:20:48 Checking for update using Github
2023-09-27 10:20:48 Success.
2023-09-27 10:20:48 Latest version is 1.4.14
2023-09-27 10:20:48 App is up to date.
2023-09-27 11:20:48 Checking for update using Github
2023-09-27 11:20:48 Success.
2023-09-27 11:20:48 Latest version is 1.4.14
2023-09-27 11:20:48 App is up to date.
2023-09-27 12:20:48 Checking for update using Github
2023-09-27 12:20:48 Success.
2023-09-27 12:20:48 Latest version is 1.4.14
2023-09-27 12:20:48 App is up to date.
2023-09-27 13:20:48 Checking for update using Github
2023-09-27 13:20:48 Success.
2023-09-27 13:20:48 Latest version is 1.4.14
2023-09-27 13:20:48 App is up to date.
2023-09-27 14:20:48 Checking for update using Github
2023-09-27 14:20:48 Success.
2023-09-27 14:20:48 Latest version is 1.4.14
2023-09-27 14:20:48 App is up to date.
2023-09-27 15:20:48 Checking for update using Github
2023-09-27 15:20:48 Success.
2023-09-27 15:20:48 Latest version is 1.4.14
2023-09-27 15:20:48 App is up to date.
2023-09-27 15:42:29 Loading updated app package /home/topi/.config/obsidian/obsidian-1.4.14.asar
2023-09-27 15:42:29 Checking for update using Github
2023-09-27 15:42:29 Success.
2023-09-27 15:42:29 Latest version is 1.4.14
2023-09-27 15:42:29 App is up to date.
2023-09-27 16:42:29 Checking for update using Github
2023-09-27 16:42:29 Success.
2023-09-27 16:42:29 Latest version is 1.4.14
2023-09-27 16:42:29 App is up to date.
2023-09-27 17:42:29 Checking for update using Github
2023-09-27 17:42:29 Success.
2023-09-27 17:42:29 Latest version is 1.4.14
2023-09-27 17:42:29 App is up to date.
2023-09-28 06:32:40 Loading updated app package /home/topi/.config/obsidian/obsidian-1.4.14.asar
2023-09-28 06:32:40 Checking for update using Github
2023-09-28 06:32:41 Success.
2023-09-28 06:32:41 Latest version is 1.4.14
2023-09-28 06:32:41 App is up to date.
2023-09-28 07:32:40 Checking for update using Github
2023-09-28 07:32:40 Success.
2023-09-28 07:32:40 Latest version is 1.4.14
2023-09-28 07:32:40 App is up to date.
2023-09-28 08:32:40 Checking for update using Github
2023-09-28 08:32:40 Success.
2023-09-28 08:32:40 Latest version is 1.4.14
2023-09-28 08:32:40 App is up to date.
2023-09-28 09:32:41 Checking for update using Github
2023-09-28 09:32:41 Success.
2023-09-28 09:32:41 Latest version is 1.4.14
2023-09-28 09:32:41 App is up to date.
2023-09-28 10:32:41 Checking for update using Github
2023-09-28 10:32:41 Success.
2023-09-28 10:32:41 Latest version is 1.4.14
2023-09-28 10:32:41 App is up to date.
2023-09-28 11:32:41 Checking for update using Github
2023-09-28 11:32:41 Success.
2023-09-28 11:32:41 Latest version is 1.4.14
2023-09-28 11:32:41 App is up to date.
2023-09-28 12:32:41 Checking for update using Github
2023-09-28 12:32:41 Success.
2023-09-28 12:32:41 Latest version is 1.4.14
2023-09-28 12:32:41 App is up to date.
2023-09-28 13:32:41 Checking for update using Github
2023-09-28 13:32:41 Success.
2023-09-28 13:32:41 Latest version is 1.4.14
2023-09-28 13:32:41 App is up to date.
2023-09-28 14:32:41 Checking for update using Github
2023-09-28 14:32:41 Success.
2023-09-28 14:32:41 Latest version is 1.4.14
2023-09-28 14:32:41 App is up to date.
2023-09-28 15:32:41 Checking for update using Github
2023-09-28 15:32:41 Success.
2023-09-28 15:32:41 Latest version is 1.4.14
2023-09-28 15:32:41 App is up to date.
2023-09-28 16:32:41 Checking for update using Github
2023-09-28 16:32:41 Success.
2023-09-28 16:32:41 Latest version is 1.4.14
2023-09-28 16:32:41 App is up to date.
2023-09-28 17:32:41 Checking for update using Github
2023-09-28 17:32:41 Success.
2023-09-28 17:32:41 Latest version is 1.4.14
2023-09-28 17:32:41 App is up to date.
2023-09-28 18:32:41 Checking for update using Github
2023-09-28 18:32:41 Success.
2023-09-28 18:32:41 Latest version is 1.4.14
2023-09-28 18:32:41 App is up to date.
2023-09-28 19:32:41 Checking for update using Github
2023-09-28 19:32:41 Success.
2023-09-28 19:32:41 Latest version is 1.4.14
2023-09-28 19:32:41 App is up to date.
2023-09-28 20:32:41 Checking for update using Github
2023-09-28 20:32:41 Success.
2023-09-28 20:32:41 Latest version is 1.4.14
2023-09-28 20:32:41 App is up to date.
2023-09-29 06:50:50 Loading updated app package /home/topi/.config/obsidian/obsidian-1.4.14.asar
2023-09-29 06:50:51 Checking for update using Github
2023-09-29 06:50:51 Success.
2023-09-29 06:50:51 Latest version is 1.4.14
2023-09-29 06:50:51 App is up to date.
2023-09-29 07:50:50 Checking for update using Github
2023-09-29 07:50:50 Success.
2023-09-29 07:50:50 Latest version is 1.4.14
2023-09-29 07:50:50 App is up to date.
2023-09-29 08:50:50 Checking for update using Github
2023-09-29 08:50:50 Success.
2023-09-29 08:50:50 Latest version is 1.4.14
2023-09-29 08:50:50 App is up to date.
2023-09-29 11:09:53 Loading updated app package /home/topi/.config/obsidian/obsidian-1.4.14.asar
2023-09-29 11:09:53 Checking for update using Github
2023-09-29 11:09:53 Success.
2023-09-29 11:09:53 Latest version is 1.4.14
2023-09-29 11:09:53 App is up to date.
2023-09-29 12:09:53 Checking for update using Github
2023-09-29 12:09:53 Success.
2023-09-29 12:09:53 Latest version is 1.4.14
2023-09-29 12:09:53 App is up to date.
2023-09-29 13:09:53 Checking for update using Github
2023-09-29 13:09:53 Success.
2023-09-29 13:09:53 Latest version is 1.4.14
2023-09-29 13:09:53 App is up to date.
2023-09-29 13:56:01 Loading updated app package /home/topi/.config/obsidian/obsidian-1.4.14.asar
2023-09-29 13:56:01 Checking for update using Github
2023-09-29 13:56:01 Success.
2023-09-29 13:56:01 Latest version is 1.4.14
2023-09-29 13:56:01 App is up to date.
2023-09-29 13:57:35 Loading updated app package /home/topi/.config/obsidian/obsidian-1.4.14.asar
2023-09-29 13:57:35 Checking for update using Github
2023-09-29 13:57:35 Success.
2023-09-29 13:57:35 Latest version is 1.4.14
2023-09-29 13:57:35 App is up to date.
2023-09-29 14:57:35 Checking for update using Github
2023-09-29 14:57:35 Success.
2023-09-29 14:57:35 Latest version is 1.4.14
2023-09-29 14:57:35 App is up to date.
2023-09-29 15:57:35 Checking for update using Github
2023-09-29 15:57:35 Success.
2023-09-29 15:57:35 Latest version is 1.4.14
2023-09-29 15:57:35 App is up to date.
2023-09-29 16:57:35 Checking for update using Github
2023-09-29 16:57:35 Success.
2023-09-29 16:57:35 Latest version is 1.4.14
2023-09-29 16:57:35 App is up to date.
2023-09-29 17:57:35 Checking for update using Github
2023-09-29 17:57:35 Success.
2023-09-29 17:57:35 Latest version is 1.4.14
2023-09-29 17:57:35 App is up to date.
2023-09-29 18:57:35 Checking for update using Github
2023-09-29 18:57:35 Success.
2023-09-29 18:57:35 Latest version is 1.4.14
2023-09-29 18:57:35 App is up to date.
2023-09-30 07:48:55 Loading updated app package /home/topi/.config/obsidian/obsidian-1.4.14.asar
2023-09-30 07:48:55 Checking for update using Github
2023-09-30 07:48:56 Success.
2023-09-30 07:48:56 Latest version is 1.4.14
2023-09-30 07:48:56 App is up to date.
2023-09-30 08:48:55 Checking for update using Github
2023-09-30 08:48:55 Success.
2023-09-30 08:48:55 Latest version is 1.4.14
2023-09-30 08:48:55 App is up to date.
2023-09-30 09:48:55 Checking for update using Github
2023-09-30 09:48:55 Success.
2023-09-30 09:48:55 Latest version is 1.4.14
2023-09-30 09:48:55 App is up to date.
2023-09-30 10:48:55 Checking for update using Github
2023-09-30 10:48:55 Success.
2023-09-30 10:48:55 Latest version is 1.4.14
2023-09-30 10:48:55 App is up to date.
2023-09-30 11:38:34 Loading updated app package /home/topi/.config/obsidian/obsidian-1.4.14.asar
2023-09-30 11:38:34 Checking for update using Github
2023-09-30 11:38:34 Success.
2023-09-30 11:38:34 Latest version is 1.4.14
2023-09-30 11:38:34 App is up to date.
2023-09-30 11:55:05 Loading updated app package /home/topi/.config/obsidian/obsidian-1.4.14.asar
2023-09-30 11:55:05 Checking for update using Github
2023-09-30 11:55:05 Success.
2023-09-30 11:55:05 Latest version is 1.4.14
2023-09-30 11:55:05 App is up to date.
2023-09-30 11:56:06 Loading updated app package /home/topi/.config/obsidian/obsidian-1.4.14.asar
2023-09-30 11:56:06 Checking for update using Github
2023-09-30 11:56:06 Success.
2023-09-30 11:56:06 Latest version is 1.4.14
2023-09-30 11:56:06 App is up to date.
2023-09-30 11:57:44 Loading updated app package /home/topi/.config/obsidian/obsidian-1.4.14.asar
2023-09-30 11:57:44 Checking for update using Github
2023-09-30 11:57:44 Success.
2023-09-30 11:57:44 Latest version is 1.4.14
2023-09-30 11:57:44 App is up to date.
2023-09-30 12:07:24 Loading updated app package /home/topi/.config/obsidian/obsidian-1.4.14.asar
2023-09-30 12:07:24 Checking for update using Github
2023-09-30 12:07:24 Success.
2023-09-30 12:07:24 Latest version is 1.4.14
2023-09-30 12:07:24 App is up to date.
2023-09-30 12:09:44 Loading updated app package /home/topi/.config/obsidian/obsidian-1.4.14.asar
2023-09-30 12:09:44 Checking for update using Github
2023-09-30 12:09:44 Success.
2023-09-30 12:09:44 Latest version is 1.4.14
2023-09-30 12:09:44 App is up to date.
2023-09-30 12:12:36 Loading updated app package /home/topi/.config/obsidian/obsidian-1.4.14.asar
2023-09-30 12:12:36 Checking for update using Github
2023-09-30 12:12:36 Success.
2023-09-30 12:12:36 Latest version is 1.4.14
2023-09-30 12:12:36 App is up to date.
2023-09-30 12:24:22 Loading updated app package /home/topi/.config/obsidian/obsidian-1.4.14.asar
2023-09-30 12:24:22 Checking for update using Github
2023-09-30 12:24:22 Success.
2023-09-30 12:24:22 Latest version is 1.4.14
2023-09-30 12:24:22 App is up to date.
2023-09-30 13:24:22 Checking for update using Github
2023-09-30 13:24:22 Success.
2023-09-30 13:24:22 Latest version is 1.4.14
2023-09-30 13:24:22 App is up to date.
2023-09-30 14:08:47 Loading updated app package /home/topi/.config/obsidian/obsidian-1.4.14.asar
2023-09-30 14:08:47 Checking for update using Github
2023-09-30 14:08:47 Success.
2023-09-30 14:08:47 Latest version is 1.4.14
2023-09-30 14:08:47 App is up to date.
2023-09-30 20:31:27 Loading updated app package /home/topi/.config/obsidian/obsidian-1.4.14.asar
2023-09-30 20:31:28 Checking for update using Github
2023-09-30 20:31:28 Success.
2023-09-30 20:31:28 Latest version is 1.4.14
2023-09-30 20:31:28 App is up to date.
2023-10-01 08:33:12 Loading updated app package /home/topi/.config/obsidian/obsidian-1.4.14.asar
2023-10-01 08:33:13 Checking for update using Github
2023-10-01 08:33:13 Success.
2023-10-01 08:33:13 Latest version is 1.4.14
2023-10-01 08:33:13 App is up to date.
2023-10-01 09:33:12 Checking for update using Github
2023-10-01 09:33:12 Success.
2023-10-01 09:33:12 Latest version is 1.4.14
2023-10-01 09:33:12 App is up to date.
2023-10-01 10:33:12 Checking for update using Github
2023-10-01 10:33:12 Success.
2023-10-01 10:33:12 Latest version is 1.4.14
2023-10-01 10:33:12 App is up to date.
2023-10-01 11:57:22 Loading updated app package /home/topi/.config/obsidian/obsidian-1.4.14.asar
2023-10-01 11:57:22 Checking for update using Github
2023-10-01 11:57:22 Success.
2023-10-01 11:57:22 Latest version is 1.4.14
2023-10-01 11:57:22 App is up to date.
2023-10-01 12:57:22 Checking for update using Github
2023-10-01 12:57:22 Success.
2023-10-01 12:57:22 Latest version is 1.4.14
2023-10-01 12:57:22 App is up to date.
2023-10-01 13:57:22 Checking for update using Github
2023-10-01 13:57:22 Success.
2023-10-01 13:57:22 Latest version is 1.4.14
2023-10-01 13:57:22 App is up to date.
2023-10-01 14:57:22 Checking for update using Github
2023-10-01 14:57:22 Success.
2023-10-01 14:57:22 Latest version is 1.4.14
2023-10-01 14:57:22 App is up to date.
2023-10-01 15:57:22 Checking for update using Github
2023-10-01 15:57:22 Success.
2023-10-01 15:57:22 Latest version is 1.4.14
2023-10-01 15:57:22 App is up to date.
2023-10-01 16:57:22 Checking for update using Github
2023-10-01 16:57:22 Success.
2023-10-01 16:57:22 Latest version is 1.4.14
2023-10-01 16:57:22 App is up to date.
2023-10-01 17:57:22 Checking for update using Github
2023-10-01 17:57:22 Success.
2023-10-01 17:57:22 Latest version is 1.4.14
2023-10-01 17:57:22 App is up to date.
2023-10-01 18:57:22 Checking for update using Github
2023-10-01 18:57:22 Success.
2023-10-01 18:57:22 Latest version is 1.4.14
2023-10-01 18:57:22 App is up to date.
2023-10-01 19:57:22 Checking for update using Github
2023-10-01 19:57:22 Success.
2023-10-01 19:57:22 Latest version is 1.4.14
2023-10-01 19:57:22 App is up to date.
2023-10-01 20:57:22 Checking for update using Github
2023-10-01 20:57:22 Success.
2023-10-01 20:57:22 Latest version is 1.4.14
2023-10-01 20:57:22 App is up to date.
2023-10-02 05:54:39 Loading updated app package /home/topi/.config/obsidian/obsidian-1.4.14.asar
2023-10-02 05:54:39 Checking for update using Github
2023-10-02 05:54:39 Success.
2023-10-02 05:54:39 Latest version is 1.4.14
2023-10-02 05:54:39 App is up to date.
2023-10-02 06:54:39 Checking for update using Github
2023-10-02 06:54:39 Success.
2023-10-02 06:54:39 Latest version is 1.4.14
2023-10-02 06:54:39 App is up to date.
2023-10-02 07:54:39 Checking for update using Github
2023-10-02 07:54:39 Success.
2023-10-02 07:54:39 Latest version is 1.4.14
2023-10-02 07:54:39 App is up to date.
2023-10-02 08:54:39 Checking for update using Github
2023-10-02 08:54:39 Success.
2023-10-02 08:54:39 Latest version is 1.4.14
2023-10-02 08:54:39 App is up to date.
2023-10-02 09:54:39 Checking for update using Github
2023-10-02 09:54:39 Success.
2023-10-02 09:54:39 Latest version is 1.4.14
2023-10-02 09:54:39 App is up to date.
2023-10-02 10:54:39 Checking for update using Github
2023-10-02 10:54:39 Success.
2023-10-02 10:54:39 Latest version is 1.4.14
2023-10-02 10:54:39 App is up to date.
2023-10-02 13:23:25 Loading main app package /usr/lib/obsidian/obsidian.asar
2023-10-02 13:23:25 Checking for update using Github
2023-10-02 13:23:25 Success.
2023-10-02 13:23:25 Latest version is 1.4.14
2023-10-02 13:23:25 App is up to date.
2023-10-02 14:23:25 Checking for update using Github
2023-10-02 14:23:25 Success.
2023-10-02 14:23:25 Latest version is 1.4.14
2023-10-02 14:23:25 App is up to date.
2023-10-02 15:23:25 Checking for update using Github
2023-10-02 15:23:25 Success.
2023-10-02 15:23:25 Latest version is 1.4.14
2023-10-02 15:23:25 App is up to date.
2023-10-03 06:31:53 Loading main app package /usr/lib/obsidian/obsidian.asar
2023-10-03 06:31:54 Checking for update using Github
2023-10-03 06:31:54 Success.
2023-10-03 06:31:54 Latest version is 1.4.14
2023-10-03 06:31:54 App is up to date.
2023-10-03 07:31:53 Checking for update using Github
2023-10-03 07:31:53 Success.
2023-10-03 07:31:53 Latest version is 1.4.14
2023-10-03 07:31:53 App is up to date.
2023-10-03 08:31:54 Checking for update using Github
2023-10-03 08:31:54 Success.
2023-10-03 08:31:54 Latest version is 1.4.14
2023-10-03 08:31:54 App is up to date.
2023-10-03 09:31:54 Checking for update using Github
2023-10-03 09:31:54 Success.
2023-10-03 09:31:54 Latest version is 1.4.14
2023-10-03 09:31:54 App is up to date.
2023-10-03 10:31:54 Checking for update using Github
2023-10-03 10:31:54 Success.
2023-10-03 10:31:54 Latest version is 1.4.14
2023-10-03 10:31:54 App is up to date.
2023-10-03 11:31:54 Checking for update using Github
2023-10-03 11:31:54 Success.
2023-10-03 11:31:54 Latest version is 1.4.14
2023-10-03 11:31:54 App is up to date.
2023-10-03 12:31:54 Checking for update using Github
2023-10-03 12:31:54 Success.
2023-10-03 12:31:54 Latest version is 1.4.14
2023-10-03 12:31:54 App is up to date.
2023-10-03 13:31:54 Checking for update using Github
2023-10-03 13:31:54 Success.
2023-10-03 13:31:54 Latest version is 1.4.14
2023-10-03 13:31:54 App is up to date.
2023-10-04 06:37:50 Loading main app package /usr/lib/obsidian/obsidian.asar
2023-10-04 06:37:50 Checking for update using Github
2023-10-04 06:37:50 Success.
2023-10-04 06:37:50 Latest version is 1.4.14
2023-10-04 06:37:50 App is up to date.
2023-10-04 07:37:50 Checking for update using Github
2023-10-04 07:37:50 Success.
2023-10-04 07:37:50 Latest version is 1.4.14
2023-10-04 07:37:50 App is up to date.
2023-10-04 08:37:50 Checking for update using Github
2023-10-04 08:37:50 Success.
2023-10-04 08:37:50 Latest version is 1.4.14
2023-10-04 08:37:50 App is up to date.
2023-10-04 09:37:50 Checking for update using Github
2023-10-04 09:37:50 Success.
2023-10-04 09:37:50 Latest version is 1.4.14
2023-10-04 09:37:50 App is up to date.
2023-10-04 10:37:50 Checking for update using Github
2023-10-04 10:37:50 Success.
2023-10-04 10:37:50 Latest version is 1.4.14
2023-10-04 10:37:50 App is up to date.
2023-10-04 11:37:50 Checking for update using Github
2023-10-04 11:37:50 Success.
2023-10-04 11:37:50 Latest version is 1.4.14
2023-10-04 11:37:50 App is up to date.
2023-10-04 12:37:50 Checking for update using Github
2023-10-04 12:37:50 Success.
2023-10-04 12:37:50 Latest version is 1.4.14
2023-10-04 12:37:50 App is up to date.
2023-10-04 13:37:50 Checking for update using Github
2023-10-04 13:37:50 Success.
2023-10-04 13:37:50 Latest version is 1.4.14
2023-10-04 13:37:50 App is up to date.
2023-10-04 14:37:50 Checking for update using Github
2023-10-04 14:37:50 Success.
2023-10-04 14:37:50 Latest version is 1.4.14
2023-10-04 14:37:50 App is up to date.
2023-10-04 15:37:50 Checking for update using Github
2023-10-04 15:37:50 Success.
2023-10-04 15:37:50 Latest version is 1.4.14
2023-10-04 15:37:50 App is up to date.
2023-10-04 16:37:50 Checking for update using Github
2023-10-04 16:37:50 Success.
2023-10-04 16:37:50 Latest version is 1.4.14
2023-10-04 16:37:50 App is up to date.
2023-10-04 17:37:51 Checking for update using Github
2023-10-04 17:37:51 Success.
2023-10-04 17:37:51 Latest version is 1.4.14
2023-10-04 17:37:51 App is up to date.
2023-10-04 18:37:51 Checking for update using Github
2023-10-04 18:37:51 Success.
2023-10-04 18:37:51 Latest version is 1.4.14
2023-10-04 18:37:51 App is up to date.
2023-10-04 19:37:51 Checking for update using Github
2023-10-04 19:37:51 Success.
2023-10-04 19:37:51 Latest version is 1.4.14
2023-10-04 19:37:51 App is up to date.
2023-10-05 06:27:03 Loading main app package /usr/lib/obsidian/obsidian.asar
2023-10-05 06:27:03 Checking for update using Github
2023-10-05 06:27:04 Success.
2023-10-05 06:27:04 Latest version is 1.4.14
2023-10-05 06:27:04 App is up to date.
2023-10-05 07:27:03 Checking for update using Github
2023-10-05 07:27:03 Success.
2023-10-05 07:27:03 Latest version is 1.4.14
2023-10-05 07:27:03 App is up to date.
2023-10-05 08:27:03 Checking for update using Github
2023-10-05 08:27:03 Success.
2023-10-05 08:27:03 Latest version is 1.4.14
2023-10-05 08:27:03 App is up to date.
2023-10-05 09:27:03 Checking for update using Github
2023-10-05 09:27:03 Success.
2023-10-05 09:27:03 Latest version is 1.4.14
2023-10-05 09:27:03 App is up to date.
2023-10-05 10:27:03 Checking for update using Github
2023-10-05 10:27:03 Success.
2023-10-05 10:27:03 Latest version is 1.4.14
2023-10-05 10:27:03 App is up to date.
2023-10-05 11:27:03 Checking for update using Github
2023-10-05 11:27:03 Success.
2023-10-05 11:27:03 Latest version is 1.4.14
2023-10-05 11:27:03 App is up to date.
2023-10-05 12:27:03 Checking for update using Github
2023-10-05 12:27:03 Success.
2023-10-05 12:27:03 Latest version is 1.4.14
2023-10-05 12:27:03 App is up to date.
2023-10-05 13:27:04 Checking for update using Github
2023-10-05 13:27:04 Success.
2023-10-05 13:27:04 Latest version is 1.4.14
2023-10-05 13:27:04 App is up to date.
2023-10-05 14:27:04 Checking for update using Github
2023-10-05 14:27:04 Success.
2023-10-05 14:27:04 Latest version is 1.4.14
2023-10-05 14:27:04 App is up to date.
2023-10-05 15:27:04 Checking for update using Github
2023-10-05 15:27:04 Success.
2023-10-05 15:27:04 Latest version is 1.4.14
2023-10-05 15:27:04 App is up to date.
2023-10-05 16:27:04 Checking for update using Github
2023-10-05 16:27:04 Success.
2023-10-05 16:27:04 Latest version is 1.4.14
2023-10-05 16:27:04 App is up to date.
2023-10-05 17:27:04 Checking for update using Github
2023-10-05 17:27:04 Success.
2023-10-05 17:27:04 Latest version is 1.4.14
2023-10-05 17:27:04 App is up to date.
2023-10-05 18:27:04 Checking for update using Github
2023-10-05 18:27:04 Success.
2023-10-05 18:27:04 Latest version is 1.4.14
2023-10-05 18:27:04 App is up to date.
2023-10-05 19:27:04 Checking for update using Github
2023-10-05 19:27:04 Success.
2023-10-05 19:27:04 Latest version is 1.4.14
2023-10-05 19:27:04 App is up to date.
2023-10-06 05:00:19 Loading main app package /usr/lib/obsidian/obsidian.asar
2023-10-06 05:00:20 Checking for update using Github
2023-10-06 05:00:20 Success.
2023-10-06 05:00:20 Latest version is 1.4.14
2023-10-06 05:00:20 App is up to date.
2023-10-06 06:00:19 Checking for update using Github
2023-10-06 06:00:19 Success.
2023-10-06 06:00:19 Latest version is 1.4.14
2023-10-06 06:00:19 App is up to date.
2023-10-06 07:00:19 Checking for update using Github
2023-10-06 07:00:19 Success.
2023-10-06 07:00:19 Latest version is 1.4.14
2023-10-06 07:00:19 App is up to date.
2023-10-06 08:00:19 Checking for update using Github
2023-10-06 08:00:19 Success.
2023-10-06 08:00:19 Latest version is 1.4.14
2023-10-06 08:00:19 App is up to date.
2023-10-06 09:00:19 Checking for update using Github
2023-10-06 09:00:20 Success.
2023-10-06 09:00:20 Latest version is 1.4.14
2023-10-06 09:00:20 App is up to date.
2023-10-06 10:00:20 Checking for update using Github
2023-10-06 10:00:20 Success.
2023-10-06 10:00:20 Latest version is 1.4.14
2023-10-06 10:00:20 App is up to date.
2023-10-06 11:00:20 Checking for update using Github
2023-10-06 11:00:20 Success.
2023-10-06 11:00:20 Latest version is 1.4.14
2023-10-06 11:00:20 App is up to date.
2023-10-06 12:00:20 Checking for update using Github
2023-10-06 12:00:20 Success.
2023-10-06 12:00:20 Latest version is 1.4.14
2023-10-06 12:00:20 App is up to date.
2023-10-06 15:31:57 Loading main app package /usr/lib/obsidian/obsidian.asar
2023-10-06 15:31:58 Checking for update using Github
2023-10-06 15:31:58 Success.
2023-10-06 15:31:58 Latest version is 1.4.14
2023-10-06 15:31:58 App is up to date.
2023-10-06 15:40:54 Loading main app package /usr/lib/obsidian/obsidian.asar
2023-10-06 15:40:54 Checking for update using Github
2023-10-06 15:40:54 Success.
2023-10-06 15:40:54 Latest version is 1.4.14
2023-10-06 15:40:54 App is up to date.
2023-10-06 16:40:54 Checking for update using Github
2023-10-06 16:40:54 Success.
2023-10-06 16:40:54 Latest version is 1.4.14
2023-10-06 16:40:54 App is up to date.
2023-10-06 17:04:56 Loading main app package /usr/lib/obsidian/obsidian.asar
2023-10-06 17:04:56 Checking for update using Github
2023-10-06 17:04:57 Success.
2023-10-06 17:04:57 Latest version is 1.4.14
2023-10-06 17:04:57 App is up to date.
2023-10-06 18:04:56 Checking for update using Github
2023-10-06 18:04:56 Success.
2023-10-06 18:04:56 Latest version is 1.4.14
2023-10-06 18:04:56 App is up to date.
2023-10-06 19:04:56 Checking for update using Github
2023-10-06 19:04:56 Success.
2023-10-06 19:04:56 Latest version is 1.4.14
2023-10-06 19:04:56 App is up to date.
2023-10-06 20:04:56 Checking for update using Github
2023-10-06 20:04:56 Success.
2023-10-06 20:04:56 Latest version is 1.4.14
2023-10-06 20:04:56 App is up to date.
2023-10-06 21:04:56 Checking for update using Github
2023-10-06 21:04:56 Success.
2023-10-06 21:04:56 Latest version is 1.4.14
2023-10-06 21:04:56 App is up to date.
2023-10-07 07:07:46 Loading main app package /usr/lib/obsidian/obsidian.asar
2023-10-07 07:07:46 Checking for update using Github
2023-10-07 07:07:46 Success.
2023-10-07 07:07:46 Latest version is 1.4.14
2023-10-07 07:07:46 App is up to date.
2023-10-07 08:07:46 Checking for update using Github
2023-10-07 08:07:46 Success.
2023-10-07 08:07:46 Latest version is 1.4.14
2023-10-07 08:07:46 App is up to date.
2023-10-07 09:07:46 Checking for update using Github
2023-10-07 09:07:46 Success.
2023-10-07 09:07:46 Latest version is 1.4.14
2023-10-07 09:07:46 App is up to date.
2023-10-07 10:07:46 Checking for update using Github
2023-10-07 10:07:46 Success.
2023-10-07 10:07:46 Latest version is 1.4.14
2023-10-07 10:07:46 App is up to date.
2023-10-07 11:07:46 Checking for update using Github
2023-10-07 11:07:46 Success.
2023-10-07 11:07:46 Latest version is 1.4.14
2023-10-07 11:07:46 App is up to date.
2023-10-07 12:44:04 Loading main app package /usr/lib/obsidian/obsidian.asar
2023-10-07 12:44:05 Checking for update using Github
2023-10-07 12:44:05 Success.
2023-10-07 12:44:05 Latest version is 1.4.14
2023-10-07 12:44:05 App is up to date.
2023-10-07 13:44:04 Checking for update using Github
2023-10-07 13:44:04 Success.
2023-10-07 13:44:04 Latest version is 1.4.14
2023-10-07 13:44:04 App is up to date.
2023-10-07 14:44:05 Checking for update using Github
2023-10-07 14:44:05 Success.
2023-10-07 14:44:05 Latest version is 1.4.14
2023-10-07 14:44:05 App is up to date.
2023-10-08 08:04:02 Loading main app package /usr/lib/obsidian/obsidian.asar
2023-10-08 08:04:02 Checking for update using Github
2023-10-08 08:04:02 Success.
2023-10-08 08:04:02 Latest version is 1.4.14
2023-10-08 08:04:02 App is up to date.
2023-10-08 09:04:02 Checking for update using Github
2023-10-08 09:04:02 Success.
2023-10-08 09:04:02 Latest version is 1.4.14
2023-10-08 09:04:02 App is up to date.
2023-10-08 10:04:02 Checking for update using Github
2023-10-08 10:04:02 Success.
2023-10-08 10:04:02 Latest version is 1.4.14
2023-10-08 10:04:02 App is up to date.
2023-10-08 11:04:02 Checking for update using Github
2023-10-08 11:04:02 Success.
2023-10-08 11:04:02 Latest version is 1.4.14
2023-10-08 11:04:02 App is up to date.
2023-10-08 12:04:02 Checking for update using Github
2023-10-08 12:04:02 Success.
2023-10-08 12:04:02 Latest version is 1.4.14
2023-10-08 12:04:02 App is up to date.
2023-10-08 13:04:02 Checking for update using Github
2023-10-08 13:04:02 Success.
2023-10-08 13:04:02 Latest version is 1.4.14
2023-10-08 13:04:02 App is up to date.
2023-10-08 15:47:44 Loading main app package /usr/lib/obsidian/obsidian.asar
2023-10-08 15:47:44 Checking for update using Github
2023-10-08 15:47:44 Success.
2023-10-08 15:47:44 Latest version is 1.4.14
2023-10-08 15:47:44 App is up to date.
2023-10-08 16:47:44 Checking for update using Github
2023-10-08 16:47:44 Success.
2023-10-08 16:47:44 Latest version is 1.4.14
2023-10-08 16:47:44 App is up to date.
2023-10-08 17:47:44 Checking for update using Github
2023-10-08 17:47:44 Success.
2023-10-08 17:47:44 Latest version is 1.4.14
2023-10-08 17:47:44 App is up to date.
2023-10-08 18:47:44 Checking for update using Github
2023-10-08 18:47:44 Success.
2023-10-08 18:47:44 Latest version is 1.4.14
2023-10-08 18:47:44 App is up to date.
2023-10-08 19:47:44 Checking for update using Github
2023-10-08 19:47:44 Success.
2023-10-08 19:47:44 Latest version is 1.4.14
2023-10-08 19:47:44 App is up to date.
2023-10-09 05:31:24 Loading main app package /usr/lib/obsidian/obsidian.asar
2023-10-09 05:31:24 Checking for update using Github
2023-10-09 05:31:24 Success.
2023-10-09 05:31:24 Latest version is 1.4.14
2023-10-09 05:31:24 App is up to date.
2023-10-09 06:31:24 Checking for update using Github
2023-10-09 06:31:24 Success.
2023-10-09 06:31:24 Latest version is 1.4.14
2023-10-09 06:31:24 App is up to date.
2023-10-09 07:31:24 Checking for update using Github
2023-10-09 07:31:24 Success.
2023-10-09 07:31:24 Latest version is 1.4.14
2023-10-09 07:31:24 App is up to date.
2023-10-09 08:31:24 Checking for update using Github
2023-10-09 08:31:24 Success.
2023-10-09 08:31:24 Latest version is 1.4.14
2023-10-09 08:31:24 App is up to date.
2023-10-09 09:31:24 Checking for update using Github
2023-10-09 09:31:24 Success.
2023-10-09 09:31:24 Latest version is 1.4.14
2023-10-09 09:31:24 App is up to date.
2023-10-09 10:31:24 Checking for update using Github
2023-10-09 10:31:24 Success.
2023-10-09 10:31:24 Latest version is 1.4.14
2023-10-09 10:31:24 App is up to date.
2023-10-09 11:31:24 Checking for update using Github
2023-10-09 11:31:24 Success.
2023-10-09 11:31:24 Latest version is 1.4.14
2023-10-09 11:31:24 App is up to date.
2023-10-09 12:31:24 Checking for update using Github
2023-10-09 12:31:24 Success.
2023-10-09 12:31:24 Latest version is 1.4.14
2023-10-09 12:31:24 App is up to date.
2023-10-09 13:31:25 Checking for update using Github
2023-10-09 13:31:25 Success.
2023-10-09 13:31:25 Latest version is 1.4.14
2023-10-09 13:31:25 App is up to date.
2023-10-09 14:31:25 Checking for update using Github
2023-10-09 14:31:25 Success.
2023-10-09 14:31:25 Latest version is 1.4.14
2023-10-09 14:31:25 App is up to date.
2023-10-09 15:31:25 Checking for update using Github
2023-10-09 15:31:25 Success.
2023-10-09 15:31:25 Latest version is 1.4.14
2023-10-09 15:31:25 App is up to date.
2023-10-09 16:31:25 Checking for update using Github
2023-10-09 16:31:25 Success.
2023-10-09 16:31:25 Latest version is 1.4.14
2023-10-09 16:31:25 App is up to date.
2023-10-09 17:31:25 Checking for update using Github
2023-10-09 17:31:25 Success.
2023-10-09 17:31:25 Latest version is 1.4.14
2023-10-09 17:31:25 App is up to date.
2023-10-09 18:31:25 Checking for update using Github
2023-10-09 18:31:25 Success.
2023-10-09 18:31:25 Latest version is 1.4.14
2023-10-09 18:31:25 App is up to date.
2023-10-09 19:31:25 Checking for update using Github
2023-10-09 19:31:25 Success.
2023-10-09 19:31:25 Latest version is 1.4.14
2023-10-09 19:31:25 App is up to date.
2023-10-09 20:31:25 Checking for update using Github
2023-10-09 20:31:25 Success.
2023-10-09 20:31:25 Latest version is 1.4.14
2023-10-09 20:31:25 App is up to date.
2023-10-10 07:25:48 Loading main app package /usr/lib/obsidian/obsidian.asar
2023-10-10 07:25:48 Checking for update using Github
2023-10-10 07:25:48 Success.
2023-10-10 07:25:48 Latest version is 1.4.14
2023-10-10 07:25:48 App is up to date.
2023-10-10 08:25:48 Checking for update using Github
2023-10-10 08:25:48 Success.
2023-10-10 08:25:48 Latest version is 1.4.14
2023-10-10 08:25:48 App is up to date.
2023-10-10 09:25:48 Checking for update using Github
2023-10-10 09:25:48 Success.
2023-10-10 09:25:48 Latest version is 1.4.14
2023-10-10 09:25:48 App is up to date.
2023-10-10 10:25:48 Checking for update using Github
2023-10-10 10:25:48 Success.
2023-10-10 10:25:48 Latest version is 1.4.14
2023-10-10 10:25:48 App is up to date.
2023-10-10 11:25:48 Checking for update using Github
2023-10-10 11:25:48 Success.
2023-10-10 11:25:48 Latest version is 1.4.14
2023-10-10 11:25:48 App is up to date.
2023-10-10 12:25:48 Checking for update using Github
2023-10-10 12:25:48 Success.
2023-10-10 12:25:48 Latest version is 1.4.14
2023-10-10 12:25:48 App is up to date.
2023-10-10 13:25:48 Checking for update using Github
2023-10-10 13:25:48 Success.
2023-10-10 13:25:48 Latest version is 1.4.14
2023-10-10 13:25:48 App is up to date.
2023-10-10 14:25:48 Checking for update using Github
2023-10-10 14:25:48 Success.
2023-10-10 14:25:48 Latest version is 1.4.14
2023-10-10 14:25:48 App is up to date.
2023-10-10 15:25:48 Checking for update using Github
2023-10-10 15:25:48 Success.
2023-10-10 15:25:48 Latest version is 1.4.14
2023-10-10 15:25:48 App is up to date.
2023-10-10 16:25:48 Checking for update using Github
2023-10-10 16:25:48 Success.
2023-10-10 16:25:48 Latest version is 1.4.14
2023-10-10 16:25:48 App is up to date.
2023-10-10 17:25:48 Checking for update using Github
2023-10-10 17:25:48 Success.
2023-10-10 17:25:48 Latest version is 1.4.14
2023-10-10 17:25:48 App is up to date.
2023-10-10 18:25:48 Checking for update using Github
2023-10-10 18:25:48 Success.
2023-10-10 18:25:48 Latest version is 1.4.14
2023-10-10 18:25:48 App is up to date.
2023-10-10 19:25:48 Checking for update using Github
2023-10-10 19:25:48 Success.
2023-10-10 19:25:48 Latest version is 1.4.14
2023-10-10 19:25:48 App is up to date.
2023-10-10 20:25:48 Checking for update using Github
2023-10-10 20:25:49 Success.
2023-10-10 20:25:49 Latest version is 1.4.14
2023-10-10 20:25:49 App is up to date.
2023-10-11 06:04:42 Loading main app package /usr/lib/obsidian/obsidian.asar
2023-10-11 06:04:42 Checking for update using Github
2023-10-11 06:04:42 Success.
2023-10-11 06:04:42 Latest version is 1.4.14
2023-10-11 06:04:42 App is up to date.
2023-10-11 07:04:42 Checking for update using Github
2023-10-11 07:04:42 Success.
2023-10-11 07:04:42 Latest version is 1.4.14
2023-10-11 07:04:42 App is up to date.
2023-10-11 08:04:42 Checking for update using Github
2023-10-11 08:04:42 Success.
2023-10-11 08:04:42 Latest version is 1.4.14
2023-10-11 08:04:42 App is up to date.
2023-10-11 09:04:42 Checking for update using Github
2023-10-11 09:04:42 Success.
2023-10-11 09:04:42 Latest version is 1.4.14
2023-10-11 09:04:42 App is up to date.
2023-10-11 10:04:42 Checking for update using Github
2023-10-11 10:04:42 Success.
2023-10-11 10:04:42 Latest version is 1.4.14
2023-10-11 10:04:42 App is up to date.
2023-10-11 11:04:42 Checking for update using Github
2023-10-11 11:04:42 Success.
2023-10-11 11:04:42 Latest version is 1.4.14
2023-10-11 11:04:42 App is up to date.
2023-10-11 12:04:42 Checking for update using Github
2023-10-11 12:04:42 Success.
2023-10-11 12:04:42 Latest version is 1.4.14
2023-10-11 12:04:42 App is up to date.
2023-10-11 13:04:43 Checking for update using Github
2023-10-11 13:04:43 Success.
2023-10-11 13:04:43 Latest version is 1.4.14
2023-10-11 13:04:43 App is up to date.
2023-10-11 14:04:43 Checking for update using Github
2023-10-11 14:04:43 Success.
2023-10-11 14:04:43 Latest version is 1.4.14
2023-10-11 14:04:43 App is up to date.
2023-10-11 15:04:43 Checking for update using Github
2023-10-11 15:04:43 Success.
2023-10-11 15:04:43 Latest version is 1.4.14
2023-10-11 15:04:43 App is up to date.
2023-10-11 16:04:43 Checking for update using Github
2023-10-11 16:04:43 Success.
2023-10-11 16:04:43 Latest version is 1.4.14
2023-10-11 16:04:43 App is up to date.
2023-10-11 17:04:43 Checking for update using Github
2023-10-11 17:04:43 Success.
2023-10-11 17:04:43 Latest version is 1.4.14
2023-10-11 17:04:43 App is up to date.
2023-10-11 18:04:43 Checking for update using Github
2023-10-11 18:04:43 Success.
2023-10-11 18:04:43 Latest version is 1.4.14
2023-10-11 18:04:43 App is up to date.
2023-10-11 19:04:43 Checking for update using Github
2023-10-11 19:04:43 Success.
2023-10-11 19:04:43 Latest version is 1.4.14
2023-10-11 19:04:43 App is up to date.
2023-10-11 20:04:43 Checking for update using Github
2023-10-11 20:04:43 Success.
2023-10-11 20:04:43 Latest version is 1.4.14
2023-10-11 20:04:43 App is up to date.
2023-10-11 21:04:43 Checking for update using Github
2023-10-11 21:04:43 Success.
2023-10-11 21:04:43 Latest version is 1.4.14
2023-10-11 21:04:43 App is up to date.
2023-10-12 05:53:10 Loading main app package /usr/lib/obsidian/obsidian.asar
2023-10-12 05:53:10 Checking for update using Github
2023-10-12 05:53:10 Success.
2023-10-12 05:53:10 Latest version is 1.4.14
2023-10-12 05:53:10 App is up to date.
2023-10-12 08:29:41 Loading main app package /usr/lib/obsidian/obsidian.asar
2023-10-12 08:29:41 Checking for update using Github
2023-10-12 08:29:41 Success.
2023-10-12 08:29:41 Latest version is 1.4.14
2023-10-12 08:29:41 App is up to date.
2023-10-12 09:29:41 Checking for update using Github
2023-10-12 09:29:41 Success.
2023-10-12 09:29:41 Latest version is 1.4.14
2023-10-12 09:29:41 App is up to date.
2023-10-12 10:29:41 Checking for update using Github
2023-10-12 10:29:41 Success.
2023-10-12 10:29:41 Latest version is 1.4.14
2023-10-12 10:29:41 App is up to date.
2023-10-12 11:29:41 Checking for update using Github
2023-10-12 11:29:41 Failed to check for update using Github (net::ERR_INTERNET_DISCONNECTED)
2023-10-12 11:29:41 Checking for update using obsidian.md
2023-10-12 11:29:41 Failed to check for update using obsidian.md (net::ERR_INTERNET_DISCONNECTED)
2023-10-12 12:29:41 Checking for update using Github
2023-10-12 12:29:41 Success.
2023-10-12 12:29:41 Latest version is 1.4.14
2023-10-12 12:29:41 App is up to date.
2023-10-12 13:29:41 Checking for update using Github
2023-10-12 13:29:41 Success.
2023-10-12 13:29:41 Latest version is 1.4.14
2023-10-12 13:29:41 App is up to date.
2023-10-13 06:55:29 Loading main app package /usr/lib/obsidian/obsidian.asar
2023-10-13 06:55:29 Checking for update using Github
2023-10-13 06:55:29 Success.
2023-10-13 06:55:29 Latest version is 1.4.14
2023-10-13 06:55:29 App is up to date.
2023-10-13 07:55:29 Checking for update using Github
2023-10-13 07:55:29 Success.
2023-10-13 07:55:29 Latest version is 1.4.14
2023-10-13 07:55:29 App is up to date.
2023-10-13 08:55:29 Checking for update using Github
2023-10-13 08:55:29 Success.
2023-10-13 08:55:29 Latest version is 1.4.14
2023-10-13 08:55:29 App is up to date.
2023-10-13 09:55:29 Checking for update using Github
2023-10-13 09:55:29 Success.
2023-10-13 09:55:29 Latest version is 1.4.14
2023-10-13 09:55:29 App is up to date.
2023-10-13 10:55:29 Checking for update using Github
2023-10-13 10:55:29 Success.
2023-10-13 10:55:29 Latest version is 1.4.14
2023-10-13 10:55:29 App is up to date.
2023-10-13 11:55:29 Checking for update using Github
2023-10-13 11:55:29 Success.
2023-10-13 11:55:29 Latest version is 1.4.14
2023-10-13 11:55:29 App is up to date.
2023-10-13 12:55:29 Checking for update using Github
2023-10-13 12:55:29 Success.
2023-10-13 12:55:29 Latest version is 1.4.14
2023-10-13 12:55:29 App is up to date.
2023-10-13 13:55:29 Checking for update using Github
2023-10-13 13:55:29 Success.
2023-10-13 13:55:29 Latest version is 1.4.14
2023-10-13 13:55:29 App is up to date.
2023-10-13 16:02:35 Loading main app package /usr/lib/obsidian/obsidian.asar
2023-10-13 16:02:36 Checking for update using Github
2023-10-13 16:02:36 Success.
2023-10-13 16:02:36 Latest version is 1.4.14
2023-10-13 16:02:36 App is up to date.
2023-10-13 17:02:35 Checking for update using Github
2023-10-13 17:02:35 Success.
2023-10-13 17:02:35 Latest version is 1.4.16
2023-10-13 17:02:35 Downloading update from https://github.com/obsidianmd/obsidian-releases/releases/download/v1.4.16/obsidian-1.4.16.asar.gz
2023-10-13 17:02:36 Verifying hash & signature. Size= 8394471
2023-10-13 17:02:36 Saving file
2023-10-13 17:02:36 Update complete.
2023-10-13 18:02:35 Checking for update using Github
2023-10-13 18:02:35 Success.
2023-10-13 18:02:35 Latest version is 1.4.16
2023-10-13 18:02:35 An update is already downloaded.
2023-10-13 19:02:35 Checking for update using Github
2023-10-13 19:02:35 Success.
2023-10-13 19:02:35 Latest version is 1.4.16
2023-10-13 19:02:35 An update is already downloaded.
2023-10-13 20:02:36 Checking for update using Github
2023-10-13 20:02:36 Success.
2023-10-13 20:02:36 Latest version is 1.4.16
2023-10-13 20:02:36 An update is already downloaded.
2023-10-13 21:02:36 Checking for update using Github
2023-10-13 21:02:36 Success.
2023-10-13 21:02:36 Latest version is 1.4.16
2023-10-13 21:02:36 An update is already downloaded.
2023-10-13 22:02:36 Checking for update using Github
2023-10-13 22:02:36 Success.
2023-10-13 22:02:36 Latest version is 1.4.16
2023-10-13 22:02:36 An update is already downloaded.
2023-10-14 10:49:49 Loading updated app package /home/topi/.config/obsidian/obsidian-1.4.16.asar
2023-10-14 10:49:49 Checking for update using Github
2023-10-14 10:49:49 Success.
2023-10-14 10:49:49 Latest version is 1.4.16
2023-10-14 10:49:49 App is up to date.
2023-10-14 11:49:49 Checking for update using Github
2023-10-14 11:49:49 Success.
2023-10-14 11:49:49 Latest version is 1.4.16
2023-10-14 11:49:49 App is up to date.
2023-10-16 06:37:39 Loading updated app package /home/topi/.config/obsidian/obsidian-1.4.16.asar
2023-10-16 06:37:40 Checking for update using Github
2023-10-16 06:37:40 Success.
2023-10-16 06:37:40 Latest version is 1.4.16
2023-10-16 06:37:40 App is up to date.
2023-10-16 06:52:10 Loading main app package /usr/lib/obsidian/obsidian.asar
2023-10-16 06:52:10 Checking for update using Github
2023-10-16 06:52:10 Success.
2023-10-16 06:52:10 Latest version is 1.4.16
2023-10-16 06:52:10 App is up to date.
2023-10-16 06:52:47 Loading main app package /usr/lib/obsidian/obsidian.asar
2023-10-16 06:52:47 Checking for update using Github
2023-10-16 06:52:47 Success.
2023-10-16 06:52:47 Latest version is 1.4.16
2023-10-16 06:52:47 App is up to date.
2023-10-16 07:18:17 Loading main app package /usr/lib/obsidian/obsidian.asar
2023-10-16 07:18:17 Checking for update using Github
2023-10-16 07:18:17 Success.
2023-10-16 07:18:17 Latest version is 1.4.16
2023-10-16 07:18:17 App is up to date.
2023-10-16 08:18:17 Checking for update using Github
2023-10-16 08:18:17 Success.
2023-10-16 08:18:17 Latest version is 1.4.16
2023-10-16 08:18:17 App is up to date.
2023-10-16 09:18:17 Checking for update using Github
2023-10-16 09:18:17 Success.
2023-10-16 09:18:17 Latest version is 1.4.16
2023-10-16 09:18:17 App is up to date.
2023-10-16 10:18:17 Checking for update using Github
2023-10-16 10:18:17 Success.
2023-10-16 10:18:17 Latest version is 1.4.16
2023-10-16 10:18:17 App is up to date.
2023-10-16 11:18:17 Checking for update using Github
2023-10-16 11:18:17 Success.
2023-10-16 11:18:17 Latest version is 1.4.16
2023-10-16 11:18:17 App is up to date.
2023-10-16 12:18:17 Checking for update using Github
2023-10-16 12:18:17 Success.
2023-10-16 12:18:17 Latest version is 1.4.16
2023-10-16 12:18:17 App is up to date.
2023-10-16 13:18:17 Checking for update using Github
2023-10-16 13:18:17 Success.
2023-10-16 13:18:17 Latest version is 1.4.16
2023-10-16 13:18:17 App is up to date.
